<?xml version="1.0" encoding="UTF-8"?>
<testng-results skipped="0" failed="0" ignored="0" total="1" passed="1">
  <reporter-output>
  </reporter-output>
  <suite name="Default suite" duration-ms="3712" started-at="2022-02-11T00:19:45Z" finished-at="2022-02-11T00:19:49Z">
    <groups>
    </groups>
    <test name="Default test" duration-ms="3712" started-at="2022-02-11T00:19:45Z" finished-at="2022-02-11T00:19:49Z">
      <class name="com.acti.pages.EnterTimePage">
        <test-method status="PASS" signature="initApplication()[pri:0, instance:com.acti.pages.EnterTimePage@184f6be2]" name="initApplication" duration-ms="3684" started-at="2022-02-11T00:19:45Z" finished-at="2022-02-11T00:19:49Z">
          <reporter-output>
          </reporter-output>
        </test-method> <!-- initApplication -->
      </class> <!-- com.acti.pages.EnterTimePage -->
    </test> <!-- Default test -->
  </suite> <!-- Default suite -->
</testng-results>
